Clock: clk
Sources: clk 
Generated: no
Virtual: no
Propagated: no
Period: 35.000000

===========================================================================
report_clock_properties
============================================================================
Clock                   Period          Waveform
----------------------------------------------------
clk                  35.000000    0.000000 17.500000

===========================================================================
report_clock_latency
============================================================================
Clock clk
rise -> rise
    min     max
0.000000 0.000000 source latency
0.000000         network latency _15097_/CLK
        3.656188 network latency decode_stage.rf.tgrp_rf1/BLOCK[2].RAM32.SLICE_16[1].RAM16.SLICE[0].RAM8.WORD[1].W.BYTE[0].B.BIT[0].genblk1.STORAGE/CLK
---------------
0.000000 3.656188 latency
        3.656188 skew

fall -> fall
    min     max
0.000000 0.000000 source latency
0.000000         network latency _15097_/CLK
        3.110378 network latency decode_stage.rf.tgrp_rf1/BLOCK[2].RAM32.SLICE_16[1].RAM16.SLICE[0].RAM8.WORD[1].W.BYTE[0].B.BIT[0].genblk1.STORAGE/CLK
---------------
0.000000 3.110378 latency
        3.110378 skew



===========================================================================
report_clock_min_period
============================================================================
clk period_min = 23.05 fmax = 43.38
