190. Printing statistics.

=== mt_cpu ===

   Number of wires:              10459
   Number of wire bits:          10521
   Number of public wires:        2954
   Number of public wire bits:    3016
   Number of ports:                  5
   Number of port bits:             67
   Number of memories:               0
   Number of memory bits:            0
   Number of processes:              0
   Number of cells:              10392
     RAM128_1RW1R                    2
     sky130_fd_sc_hd__a2111o_2      22
     sky130_fd_sc_hd__a211o_2       58
     sky130_fd_sc_hd__a211oi_2       6
     sky130_fd_sc_hd__a21bo_2       23
     sky130_fd_sc_hd__a21boi_2      14
     sky130_fd_sc_hd__a21o_2       146
     sky130_fd_sc_hd__a21oi_2       76
     sky130_fd_sc_hd__a221o_2      854
     sky130_fd_sc_hd__a221oi_2       2
     sky130_fd_sc_hd__a22o_2       662
     sky130_fd_sc_hd__a22oi_2        4
     sky130_fd_sc_hd__a2bb2o_2      38
     sky130_fd_sc_hd__a311o_2        4
     sky130_fd_sc_hd__a31o_2        63
     sky130_fd_sc_hd__a31oi_2        4
     sky130_fd_sc_hd__a32o_2        16
     sky130_fd_sc_hd__a41o_2         8
     sky130_fd_sc_hd__and2_2       237
     sky130_fd_sc_hd__and2b_2      103
     sky130_fd_sc_hd__and3_2       319
     sky130_fd_sc_hd__and3b_2       19
     sky130_fd_sc_hd__and4_2        15
     sky130_fd_sc_hd__and4b_2       23
     sky130_fd_sc_hd__and4bb_2       3
     sky130_fd_sc_hd__buf_2          2
     sky130_fd_sc_hd__conb_1         2
     sky130_fd_sc_hd__dfxtp_2     2794
     sky130_fd_sc_hd__inv_2        116
     sky130_fd_sc_hd__mux2_1      2533
     sky130_fd_sc_hd__mux4_2       105
     sky130_fd_sc_hd__nand2_2      257
     sky130_fd_sc_hd__nand2b_2      47
     sky130_fd_sc_hd__nand3_2       10
     sky130_fd_sc_hd__nand3b_2       1
     sky130_fd_sc_hd__nor2_2       358
     sky130_fd_sc_hd__nor3_2        12
     sky130_fd_sc_hd__nor3b_2        6
     sky130_fd_sc_hd__nor4_2         3
     sky130_fd_sc_hd__o2111a_2       4
     sky130_fd_sc_hd__o2111ai_2      1
     sky130_fd_sc_hd__o211a_2      128
     sky130_fd_sc_hd__o211ai_2       1
     sky130_fd_sc_hd__o21a_2       325
     sky130_fd_sc_hd__o21ai_2      144
     sky130_fd_sc_hd__o21ba_2       21
     sky130_fd_sc_hd__o21bai_2       4
     sky130_fd_sc_hd__o221a_2       92
     sky130_fd_sc_hd__o221ai_2      12
     sky130_fd_sc_hd__o22a_2       100
     sky130_fd_sc_hd__o22ai_2       22
     sky130_fd_sc_hd__o2bb2a_2      48
     sky130_fd_sc_hd__o311a_2        6
     sky130_fd_sc_hd__o31a_2        19
     sky130_fd_sc_hd__o31ai_2        5
     sky130_fd_sc_hd__o32a_2         7
     sky130_fd_sc_hd__o32ai_2        1
     sky130_fd_sc_hd__o41a_2         1
     sky130_fd_sc_hd__o41ai_2        1
     sky130_fd_sc_hd__or2_2        259
     sky130_fd_sc_hd__or3_2         63
     sky130_fd_sc_hd__or3b_2        23
     sky130_fd_sc_hd__or4_2         60
     sky130_fd_sc_hd__or4b_2         8
     sky130_fd_sc_hd__or4bb_2        3
     sky130_fd_sc_hd__xnor2_2       42
     sky130_fd_sc_hd__xor2_2        25

   Area for cell type \RAM128_1RW1R is unknown!

   Chip area for module '\mt_cpu': 135244.710400
     of which used for sequential elements: 59429.497600 (43.94%)

