
45. Executing CHECK pass (checking for obvious problems).
Checking module mt_cpu...
Checking module imm_ext...
Checking module $paramod\thread_sel\NUM_THREADS=s32'00000000000000000000000000000100...
Checking module $paramod$044900e1b4fa5b9559e7811e39900d4884c9d23c\mt_pc...
Checking module $paramod$52593bf02753086e7d14630480121475a488d2f1\instr_mem...
Checking module $paramod$8d44bebdd17de9d959a4b7b91e4dac5025de3aa9\fetch...
Checking module $paramod$cced891c4e5a23031637ced90bfcadfa97fb8a98\pl_reg_fd...
Checking module $paramod$cced891c4e5a23031637ced90bfcadfa97fb8a98\decode...
Checking module $paramod$cced891c4e5a23031637ced90bfcadfa97fb8a98\pl_reg_de...
Checking module $paramod$9a06a94f5d6d491730ccc224abeb95127ef5a2b5\execute...
Checking module $paramod$cced891c4e5a23031637ced90bfcadfa97fb8a98\pl_reg_em...
Checking module $paramod$9bd54d34751587cd62f1f62f651d520dae89b988\memory...
Checking module $paramod$cced891c4e5a23031637ced90bfcadfa97fb8a98\pl_reg_mw...
Checking module $paramod$cced891c4e5a23031637ced90bfcadfa97fb8a98\writeback...
Checking module $paramod\tgrp_switcher\NUM_THREADS=s32'00000000000000000000000000000100...
Checking module $paramod$943188ca874a7402dfde14ae7640ad1aff1927d6\mt_reg_file...
Checking module $paramod\mux3\DATA_WIDTH=s32'00000000000000000000000000100000...
Checking module $paramod$8f8ad6f66fc1eaece2158e220bf0932247e58fe2\data_memory...
Checking module $paramod\alu\DATA_WIDTH=s32'00000000000000000000000000100000...
Checking module $paramod\branch_unit\DATA_WIDTH=s32'00000000000000000000000000100000...
Checking module control_unit...
Found and reported 0 problems.
