168. Printing statistics.

=== mt_cpu ===

   Number of wires:               9792
   Number of wire bits:          13036
   Number of public wires:         135
   Number of public wire bits:    3237
   Number of ports:                  5
   Number of port bits:             67
   Number of memories:               0
   Number of memory bits:            0
   Number of processes:              0
   Number of cells:              12801
     $_ANDNOT_                    2006
     $_AND_                         92
     $_DFFE_PP_                   2304
     $_DFF_P_                       11
     $_MUX_                       5891
     $_NAND_                       190
     $_NOR_                        208
     $_NOT_                        378
     $_ORNOT_                      172
     $_OR_                         753
     $_SDFFE_PP0P_                   1
     $_SDFF_PN0_                   375
     $_SDFF_PP0_                   111
     $_XNOR_                       100
     $_XOR_                        207
     sram_128x32                     2

   Area for cell type $_NOT_ is unknown!
   Area for cell type $_AND_ is unknown!
   Area for cell type $_NAND_ is unknown!
   Area for cell type $_OR_ is unknown!
   Area for cell type $_NOR_ is unknown!
   Area for cell type $_XOR_ is unknown!
   Area for cell type $_XNOR_ is unknown!
   Area for cell type $_ANDNOT_ is unknown!
   Area for cell type $_ORNOT_ is unknown!
   Area for cell type $_MUX_ is unknown!
   Area for cell type $_DFF_P_ is unknown!
   Area for cell type $_DFFE_PP_ is unknown!
   Area for cell type $_SDFF_PN0_ is unknown!
   Area for cell type $_SDFF_PP0_ is unknown!
   Area for cell type $_SDFFE_PP0P_ is unknown!
   Area for cell type \sram_128x32 is unknown!

